#
# There is insufficient memory for the Java Runtime Environment to continue.
# Native memory allocation (malloc) failed to allocate 131088 bytes for Chunk::new
# Possible reasons:
#   The system is out of physical RAM or swap space
#   In 32 bit mode, the process size limit was hit
# Possible solutions:
#   Reduce memory load on the system
#   Increase physical memory or swap space
#   Check if swap backing store is full
#   Use 64 bit Java on a 64 bit OS
#   Decrease Java heap size (-Xmx/-Xms)
#   Decrease number of Java threads
#   Decrease Java thread stack sizes (-Xss)
#   Set larger code cache with -XX:ReservedCodeCacheSize=
# This output file may be truncated or incomplete.
#
#  Out of Memory Error (allocation.cpp:390), pid=11084, tid=0x00000000000016a4
#
# JRE version: OpenJDK Runtime Environment (8.0_152-b01) (build 1.8.0_152-release-1248-b01)
# Java VM: OpenJDK 64-Bit Server VM (25.152-b01 mixed mode windows-amd64 compressed oops)
# Failed to write core dump. Minidumps are not enabled by default on client versions of Windows
#

---------------  T H R E A D  ---------------

Current thread (0x0000000016763800):  JavaThread "C2 CompilerThread1" daemon [_thread_in_native, id=5796, stack(0x0000000017ed0000,0x0000000017fd0000)]

Stack: [0x0000000017ed0000,0x0000000017fd0000]
[error occurred during error reporting (printing stack bounds), id 0xc0000005]

Native frames: (J=compiled Java code, j=interpreted, Vv=VM code, C=native code)


Current CompileTask:
C2:  62747 6658   !   4       org.gradle.api.internal.AbstractClassGenerator::generateUnderLock (1171 bytes)


---------------  P R O C E S S  ---------------

Java Threads: ( => current thread )
  0x000000001de60000 JavaThread "Build operations Thread 4" [_thread_blocked, id=9700, stack(0x0000000023970000,0x0000000023a70000)]
  0x000000001de5f800 JavaThread "Build operations Thread 3" [_thread_blocked, id=2972, stack(0x0000000023870000,0x0000000023970000)]
  0x000000001de5d000 JavaThread "Build operations Thread 2" [_thread_blocked, id=11312, stack(0x0000000023770000,0x0000000023870000)]
  0x000000001de55800 JavaThread "Build operations" [_thread_blocked, id=15356, stack(0x0000000023670000,0x0000000023770000)]
  0x000000001de5c800 JavaThread "Cache worker for cache directory md-rule (C:\Users\Lukep\.gradle\caches\4.10.2\md-rule)" [_thread_blocked, id=9440, stack(0x0000000023570000,0x0000000023670000)]
  0x000000001de5b800 JavaThread "Cache worker for cache directory md-supplier (C:\Users\Lukep\.gradle\caches\4.10.2\md-supplier)" [_thread_blocked, id=6532, stack(0x0000000023470000,0x0000000023570000)]
  0x000000001de57000 JavaThread "Cache worker for file hash cache (C:\Users\Lukep\Desktop\KA\KitchenAssist\android\.gradle\4.10.2\fileHashes)" [_thread_blocked, id=15332, stack(0x0000000023370000,0x0000000023470000)]
  0x000000001de5a000 JavaThread "Stdin handler" [_thread_blocked, id=14724, stack(0x0000000023270000,0x0000000023370000)]
  0x000000001de59800 JavaThread "Asynchronous log dispatcher for DefaultDaemonConnection: socket connection from /127.0.0.1:52749 to /127.0.0.1:52781" [_thread_blocked, id=1932, stack(0x0000000023170000,0x0000000023270000)]
  0x000000001de52000 JavaThread "Cancel handler" [_thread_blocked, id=13236, stack(0x0000000023070000,0x0000000023170000)]
  0x000000001de55000 JavaThread "Handler for socket connection from /127.0.0.1:52749 to /127.0.0.1:52781" [_thread_in_native, id=4200, stack(0x0000000022f70000,0x0000000023070000)]
  0x000000001de5b000 JavaThread "pool-1-thread-1" [_thread_blocked, id=10148, stack(0x0000000022e70000,0x0000000022f70000)]
  0x000000001de54000 JavaThread "Memory manager" [_thread_blocked, id=14072, stack(0x0000000022070000,0x0000000022170000)]
  0x000000001de53800 JavaThread "Cache worker for Artifact transforms cache (C:\Users\Lukep\.gradle\caches\transforms-1)" [_thread_blocked, id=16188, stack(0x0000000020570000,0x0000000020670000)]
  0x00000000195da800 JavaThread "Cache worker for journal cache (C:\Users\Lukep\.gradle\caches\journal-1)" [_thread_blocked, id=5896, stack(0x000000001e390000,0x000000001e490000)]
  0x00000000181a4800 JavaThread "File lock request listener" [_thread_in_native, id=16260, stack(0x000000001df90000,0x000000001e090000)]
  0x000000001886f800 JavaThread "Cache worker for file hash cache (C:\Users\Lukep\.gradle\caches\4.10.2\fileHashes)" [_thread_blocked, id=1736, stack(0x000000001de90000,0x000000001df90000)]
  0x000000001814e800 JavaThread "Daemon worker" [_thread_in_Java, id=15052, stack(0x000000001aa20000,0x000000001ab20000)]
  0x00000000189e2800 JavaThread "Daemon" [_thread_blocked, id=3620, stack(0x000000001a720000,0x000000001a820000)]
  0x0000000017fee800 JavaThread "Daemon periodic checks" [_thread_blocked, id=236, stack(0x000000001a620000,0x000000001a720000)]
  0x00000000193eb000 JavaThread "Incoming local TCP Connector on port 52749" [_thread_in_native, id=15256, stack(0x000000001a3e0000,0x000000001a4e0000)]
  0x0000000017fd5800 JavaThread "Service Thread" daemon [_thread_blocked, id=5832, stack(0x00000000184d0000,0x00000000185d0000)]
  0x00000000167bd000 JavaThread "C1 CompilerThread2" daemon [_thread_blocked, id=9400, stack(0x00000000183d0000,0x00000000184d0000)]
=>0x0000000016763800 JavaThread "C2 CompilerThread1" daemon [_thread_in_native, id=5796, stack(0x0000000017ed0000,0x0000000017fd0000)]
  0x0000000016760000 JavaThread "C2 CompilerThread0" daemon [_thread_blocked, id=1408, stack(0x0000000017dd0000,0x0000000017ed0000)]
  0x000000001675d800 JavaThread "Attach Listener" daemon [_thread_blocked, id=6492, stack(0x0000000017cd0000,0x0000000017dd0000)]
  0x0000000002dee800 JavaThread "Signal Dispatcher" daemon [_thread_blocked, id=524, stack(0x0000000017bd0000,0x0000000017cd0000)]
  0x0000000002de5800 JavaThread "Finalizer" daemon [_thread_blocked, id=9212, stack(0x00000000179e0000,0x0000000017ae0000)]
  0x0000000002de2000 JavaThread "Reference Handler" daemon [_thread_blocked, id=16356, stack(0x00000000178e0000,0x00000000179e0000)]
  0x0000000002cf2800 JavaThread "main" [_thread_blocked, id=6768, stack(0x0000000002bf0000,0x0000000002cf0000)]

Other Threads:
  0x0000000016726800 VMThread [stack: 0x00000000177e0000,0x00000000178e0000] [id=9336]
  0x0000000017fd6800 WatcherThread [stack: 0x00000000185d0000,0x00000000186d0000] [id=13576]

VM state:not at safepoint (normal execution)

VM Mutex/Monitor currently owned by a thread: None

Heap:
 PSYoungGen      total 147456K, used 39731K [0x00000000e0000000, 0x00000000eaa00000, 0x0000000100000000)
  eden space 132096K, 30% used [0x00000000e0000000,0x00000000e26ccfa8,0x00000000e8100000)
  from space 15360K, 0% used [0x00000000e9100000,0x00000000e9100000,0x00000000ea000000)
  to   space 16384K, 0% used [0x00000000e8100000,0x00000000e8100000,0x00000000e9100000)
 ParOldGen       total 123904K, used 41737K [0x00000000a0000000, 0x00000000a7900000, 0x00000000e0000000)
  object space 123904K, 33% used [0x00000000a0000000,0x00000000a28c26d0,0x00000000a7900000)
 Metaspace       used 60162K, capacity 62340K, committed 62680K, reserved 1103872K
  class space    used 8089K, capacity 8679K, committed 8704K, reserved 1048576K

Card table byte_map: [0x00000000121b0000,0x00000000124c0000] byte_map_base: 0x0000000011cb0000

Marking Bits: (ParMarkBitMap*) 0x0000000075905aa0
 Begin Bits: [0x0000000012ac0000, 0x00000000142c0000)
 End Bits:   [0x00000000142c0000, 0x0000000015ac0000)

Polling page: 0x00000000010e0000

CodeCache: size=245760Kb used=19823Kb max_used=20105Kb free=225936Kb
 bounds [0x0000000002df0000, 0x00000000041b0000, 0x0000000011df0000]
 total_blobs=6851 nmethods=6047 adapters=717
 compilation: enabled

Compilation events (10 events):
Event: 62.720 Thread 0x00000000167bd000 6853       3       com.google.common.collect.AbstractMapBasedMultimap::createCollection (5 bytes)
Event: 62.720 Thread 0x00000000167bd000 nmethod 6853 0x0000000002f21ad0 code [0x0000000002f21c40, 0x0000000002f21e48]
Event: 62.720 Thread 0x00000000167bd000 6851       3       org.gradle.internal.fingerprint.impl.IgnoredPathFingerprint::<init> (15 bytes)
Event: 62.720 Thread 0x00000000167bd000 nmethod 6851 0x000000000392ff90 code [0x00000000039300e0, 0x00000000039302b0]
Event: 62.720 Thread 0x00000000167bd000 6852       3       org.gradle.internal.fingerprint.impl.ClasspathFingerprintingStrategy$ClasspathSnapshotVisitor::<init> (31 bytes)
Event: 62.720 Thread 0x00000000167bd000 nmethod 6852 0x000000000392f450 code [0x000000000392f600, 0x000000000392fbb0]
Event: 62.720 Thread 0x00000000167bd000 6854       3       org.gradle.internal.fingerprint.impl.DefaultCurrentFileCollectionFingerprint$1::visit (21 bytes)
Event: 62.720 Thread 0x00000000167bd000 nmethod 6854 0x000000000392edd0 code [0x000000000392ef60, 0x000000000392f318]
Event: 62.720 Thread 0x00000000167bd000 6855       1       org.gradle.api.internal.project.DefaultProject::getDepth (5 bytes)
Event: 62.720 Thread 0x00000000167bd000 nmethod 6855 0x0000000002f217d0 code [0x0000000002f21920, 0x0000000002f21a30]

GC Heap History (10 events):
Event: 48.704 GC heap before
{Heap before GC invocations=11 (full 2):
 PSYoungGen      total 71168K, used 71136K [0x00000000e0000000, 0x00000000e5280000, 0x0000000100000000)
  eden space 59904K, 100% used [0x00000000e0000000,0x00000000e3a80000,0x00000000e3a80000)
  from space 11264K, 99% used [0x00000000e4680000,0x00000000e51780e8,0x00000000e5180000)
  to   space 12288K, 0% used [0x00000000e3a80000,0x00000000e3a80000,0x00000000e4680000)
 ParOldGen       total 80384K, used 17411K [0x00000000a0000000, 0x00000000a4e80000, 0x00000000e0000000)
  object space 80384K, 21% used [0x00000000a0000000,0x00000000a1100c98,0x00000000a4e80000)
 Metaspace       used 48165K, capacity 49142K, committed 49496K, reserved 1091584K
  class space    used 6567K, capacity 6952K, committed 7040K, reserved 1048576K
Event: 48.732 GC heap after
Heap after GC invocations=11 (full 2):
 PSYoungGen      total 72192K, used 12262K [0x00000000e0000000, 0x00000000e7580000, 0x0000000100000000)
  eden space 59904K, 0% used [0x00000000e0000000,0x00000000e0000000,0x00000000e3a80000)
  from space 12288K, 99% used [0x00000000e3a80000,0x00000000e4679bc8,0x00000000e4680000)
  to   space 15360K, 0% used [0x00000000e6680000,0x00000000e6680000,0x00000000e7580000)
 ParOldGen       total 80384K, used 22413K [0x00000000a0000000, 0x00000000a4e80000, 0x00000000e0000000)
  object space 80384K, 27% used [0x00000000a0000000,0x00000000a15e3658,0x00000000a4e80000)
 Metaspace       used 48165K, capacity 49142K, committed 49496K, reserved 1091584K
  class space    used 6567K, capacity 6952K, committed 7040K, reserved 1048576K
}
Event: 50.443 GC heap before
{Heap before GC invocations=12 (full 2):
 PSYoungGen      total 72192K, used 72166K [0x00000000e0000000, 0x00000000e7580000, 0x0000000100000000)
  eden space 59904K, 100% used [0x00000000e0000000,0x00000000e3a80000,0x00000000e3a80000)
  from space 12288K, 99% used [0x00000000e3a80000,0x00000000e4679bc8,0x00000000e4680000)
  to   space 15360K, 0% used [0x00000000e6680000,0x00000000e6680000,0x00000000e7580000)
 ParOldGen       total 80384K, used 22413K [0x00000000a0000000, 0x00000000a4e80000, 0x00000000e0000000)
  object space 80384K, 27% used [0x00000000a0000000,0x00000000a15e3658,0x00000000a4e80000)
 Metaspace       used 52756K, capacity 54232K, committed 54360K, reserved 1095680K
  class space    used 7225K, capacity 7705K, committed 7808K, reserved 1048576K
Event: 50.459 GC heap after
Heap after GC invocations=12 (full 2):
 PSYoungGen      total 104960K, used 8499K [0x00000000e0000000, 0x00000000e7580000, 0x0000000100000000)
  eden space 89600K, 0% used [0x00000000e0000000,0x00000000e0000000,0x00000000e5780000)
  from space 15360K, 55% used [0x00000000e6680000,0x00000000e6eccc88,0x00000000e7580000)
  to   space 15360K, 0% used [0x00000000e5780000,0x00000000e5780000,0x00000000e6680000)
 ParOldGen       total 80384K, used 31864K [0x00000000a0000000, 0x00000000a4e80000, 0x00000000e0000000)
  object space 80384K, 39% used [0x00000000a0000000,0x00000000a1f1e198,0x00000000a4e80000)
 Metaspace       used 52756K, capacity 54232K, committed 54360K, reserved 1095680K
  class space    used 7225K, capacity 7705K, committed 7808K, reserved 1048576K
}
Event: 58.257 GC heap before
{Heap before GC invocations=13 (full 2):
 PSYoungGen      total 104960K, used 98099K [0x00000000e0000000, 0x00000000e7580000, 0x0000000100000000)
  eden space 89600K, 100% used [0x00000000e0000000,0x00000000e5780000,0x00000000e5780000)
  from space 15360K, 55% used [0x00000000e6680000,0x00000000e6eccc88,0x00000000e7580000)
  to   space 15360K, 0% used [0x00000000e5780000,0x00000000e5780000,0x00000000e6680000)
 ParOldGen       total 80384K, used 31864K [0x00000000a0000000, 0x00000000a4e80000, 0x00000000e0000000)
  object space 80384K, 39% used [0x00000000a0000000,0x00000000a1f1e198,0x00000000a4e80000)
 Metaspace       used 56162K, capacity 58302K, committed 58456K, reserved 1099776K
  class space    used 7711K, capacity 8320K, committed 8320K, reserved 1048576K
Event: 58.327 GC heap after
Heap after GC invocations=13 (full 2):
 PSYoungGen      total 104960K, used 12352K [0x00000000e0000000, 0x00000000ea000000, 0x0000000100000000)
  eden space 89600K, 0% used [0x00000000e0000000,0x00000000e0000000,0x00000000e5780000)
  from space 15360K, 80% used [0x00000000e5780000,0x00000000e6390030,0x00000000e6680000)
  to   space 15360K, 0% used [0x00000000e9100000,0x00000000e9100000,0x00000000ea000000)
 ParOldGen       total 80384K, used 36988K [0x00000000a0000000, 0x00000000a4e80000, 0x00000000e0000000)
  object space 80384K, 46% used [0x00000000a0000000,0x00000000a241f350,0x00000000a4e80000)
 Metaspace       used 56162K, capacity 58302K, committed 58456K, reserved 1099776K
  class space    used 7711K, capacity 8320K, committed 8320K, reserved 1048576K
}
Event: 59.049 GC heap before
{Heap before GC invocations=14 (full 2):
 PSYoungGen      total 104960K, used 20558K [0x00000000e0000000, 0x00000000ea000000, 0x0000000100000000)
  eden space 89600K, 9% used [0x00000000e0000000,0x00000000e0803858,0x00000000e5780000)
  from space 15360K, 80% used [0x00000000e5780000,0x00000000e6390030,0x00000000e6680000)
  to   space 15360K, 0% used [0x00000000e9100000,0x00000000e9100000,0x00000000ea000000)
 ParOldGen       total 80384K, used 36988K [0x00000000a0000000, 0x00000000a4e80000, 0x00000000e0000000)
  object space 80384K, 46% used [0x00000000a0000000,0x00000000a241f350,0x00000000a4e80000)
 Metaspace       used 56879K, capacity 58974K, committed 59028K, reserved 1099776K
  class space    used 7824K, capacity 8416K, committed 8448K, reserved 1048576K
Event: 59.186 GC heap after
Heap after GC invocations=14 (full 2):
 PSYoungGen      total 147456K, used 1170K [0x00000000e0000000, 0x00000000eaa00000, 0x0000000100000000)
  eden space 132096K, 0% used [0x00000000e0000000,0x00000000e0000000,0x00000000e8100000)
  from space 15360K, 7% used [0x00000000e9100000,0x00000000e9224a10,0x00000000ea000000)
  to   space 16384K, 0% used [0x00000000e8100000,0x00000000e8100000,0x00000000e9100000)
 ParOldGen       total 80384K, used 47637K [0x00000000a0000000, 0x00000000a4e80000, 0x00000000e0000000)
  object space 80384K, 59% used [0x00000000a0000000,0x00000000a2e85410,0x00000000a4e80000)
 Metaspace       used 56879K, capacity 58974K, committed 59028K, reserved 1099776K
  class space    used 7824K, capacity 8416K, committed 8448K, reserved 1048576K
}
Event: 59.186 GC heap before
{Heap before GC invocations=15 (full 3):
 PSYoungGen      total 147456K, used 1170K [0x00000000e0000000, 0x00000000eaa00000, 0x0000000100000000)
  eden space 132096K, 0% used [0x00000000e0000000,0x00000000e0000000,0x00000000e8100000)
  from space 15360K, 7% used [0x00000000e9100000,0x00000000e9224a10,0x00000000ea000000)
  to   space 16384K, 0% used [0x00000000e8100000,0x00000000e8100000,0x00000000e9100000)
 ParOldGen       total 80384K, used 47637K [0x00000000a0000000, 0x00000000a4e80000, 0x00000000e0000000)
  object space 80384K, 59% used [0x00000000a0000000,0x00000000a2e85410,0x00000000a4e80000)
 Metaspace       used 56879K, capacity 58974K, committed 59028K, reserved 1099776K
  class space    used 7824K, capacity 8416K, committed 8448K, reserved 1048576K
Event: 59.781 GC heap after
Heap after GC invocations=15 (full 3):
 PSYoungGen      total 147456K, used 0K [0x00000000e0000000, 0x00000000eaa00000, 0x0000000100000000)
  eden space 132096K, 0% used [0x00000000e0000000,0x00000000e0000000,0x00000000e8100000)
  from space 15360K, 0% used [0x00000000e9100000,0x00000000e9100000,0x00000000ea000000)
  to   space 16384K, 0% used [0x00000000e8100000,0x00000000e8100000,0x00000000e9100000)
 ParOldGen       total 123904K, used 41737K [0x00000000a0000000, 0x00000000a7900000, 0x00000000e0000000)
  object space 123904K, 33% used [0x00000000a0000000,0x00000000a28c26d0,0x00000000a7900000)
 Metaspace       used 56879K, capacity 58974K, committed 59028K, reserved 1099776K
  class space    used 7824K, capacity 8416K, committed 8448K, reserved 1048576K
}

Deoptimization events (10 events):
Event: 60.038 Thread 0x000000001814e800 Uncommon trap: reason=null_check action=make_not_entrant pc=0x000000000413c83c method=org.gradle.api.internal.AbstractClassGenerator.generateUnderLock(Ljava/lang/Class;)Ljava/lang/Class; @ 430
Event: 60.041 Thread 0x000000001814e800 Uncommon trap: reason=class_check action=maybe_recompile pc=0x00000000031e4988 method=org.gradle.internal.logging.text.AbstractLineChoppingStyledTextOutput$StateContext.flushLineText()V @ 110
Event: 60.178 Thread 0x000000001de5e000 Uncommon trap: reason=class_check action=maybe_recompile pc=0x00000000035e95d8 method=java.util.concurrent.locks.ReentrantLock.lock()V @ 4
Event: 60.237 Thread 0x000000001de5b800 Uncommon trap: reason=class_check action=maybe_recompile pc=0x00000000035e95d8 method=java.util.concurrent.locks.ReentrantLock.lock()V @ 4
Event: 60.244 Thread 0x00000000195d9000 Uncommon trap: reason=class_check action=maybe_recompile pc=0x00000000035e95d8 method=java.util.concurrent.locks.ReentrantLock.lock()V @ 4
Event: 60.247 Thread 0x00000000195da000 Uncommon trap: reason=class_check action=maybe_recompile pc=0x00000000035e95d8 method=java.util.concurrent.locks.ReentrantLock.lock()V @ 4
Event: 60.322 Thread 0x00000000189e5000 Uncommon trap: reason=unstable_if action=reinterpret pc=0x00000000040830f8 method=com.esotericsoftware.kryo.io.Input.require(I)I @ 117
Event: 60.325 Thread 0x00000000189e2800 Uncommon trap: reason=unstable_if action=reinterpret pc=0x0000000003a9f40c method=java.util.HashMap$HashIterator.<init>(Ljava/util/HashMap;)V @ 45
Event: 60.325 Thread 0x00000000189e2800 Uncommon trap: reason=unstable_if action=reinterpret pc=0x0000000003b55d4c method=java.util.HashMap$HashIterator.<init>(Ljava/util/HashMap;)V @ 45
Event: 62.069 Thread 0x000000001814e800 Uncommon trap: reason=unstable_if action=reinterpret pc=0x0000000003d2a4e8 method=sun.nio.fs.WindowsPathParser.nextNonSlash(Ljava/lang/String;II)I @ 2

Classes redefined (0 events):
No events

Internal exceptions (10 events):
Event: 60.022 Thread 0x000000001814e800 Exception <a 'java/lang/ClassNotFoundException': org/gradle/api/AntBuilderBeanInfo> (0x00000000e04823c0) thrown at [D:\src\AOSP-openjdk-cygwin\jdk8u\hotspot\src\share\vm\classfile\systemDictionary.cpp, line 210]
Event: 60.023 Thread 0x000000001814e800 Exception <a 'java/lang/ClassNotFoundException': groovy/util/AntBuilderBeanInfo> (0x00000000e04ab650) thrown at [D:\src\AOSP-openjdk-cygwin\jdk8u\hotspot\src\share\vm\classfile\systemDictionary.cpp, line 210]
Event: 60.023 Thread 0x000000001814e800 Exception <a 'java/lang/ClassNotFoundException': groovy/util/BuilderSupportBeanInfo> (0x00000000e04d66f0) thrown at [D:\src\AOSP-openjdk-cygwin\jdk8u\hotspot\src\share\vm\classfile\systemDictionary.cpp, line 210]
Event: 60.024 Thread 0x000000001814e800 Exception <a 'java/lang/ClassNotFoundException': groovy/util/BuilderSupportCustomizer> (0x00000000e05033e0) thrown at [D:\src\AOSP-openjdk-cygwin\jdk8u\hotspot\src\share\vm\classfile\systemDictionary.cpp, line 210]
Event: 60.024 Thread 0x000000001814e800 Exception <a 'java/lang/ClassNotFoundException': groovy/util/AntBuilderCustomizer> (0x00000000e05305c8) thrown at [D:\src\AOSP-openjdk-cygwin\jdk8u\hotspot\src\share\vm\classfile\systemDictionary.cpp, line 210]
Event: 60.025 Thread 0x000000001814e800 Exception <a 'java/lang/ClassNotFoundException': org/gradle/api/AntBuilderCustomizer> (0x00000000e05551d0) thrown at [D:\src\AOSP-openjdk-cygwin\jdk8u\hotspot\src\share\vm\classfile\systemDictionary.cpp, line 210]
Event: 60.026 Thread 0x000000001814e800 Exception <a 'java/lang/ClassNotFoundException': org/gradle/api/internal/project/ant/BasicAntBuilderCustomizer> (0x00000000e058cd80) thrown at [D:\src\AOSP-openjdk-cygwin\jdk8u\hotspot\src\share\vm\classfile\systemDictionary.cpp, line 210]
Event: 60.026 Thread 0x000000001814e800 Exception <a 'java/lang/ClassNotFoundException': org/gradle/api/internal/project/DefaultAntBuilderCustomizer> (0x00000000e05cc210) thrown at [D:\src\AOSP-openjdk-cygwin\jdk8u\hotspot\src\share\vm\classfile\systemDictionary.cpp, line 210]
Event: 60.121 Thread 0x000000001814e800 Exception <a 'java/lang/ClassNotFoundException': org/gradle/BuildResultBeanInfo> (0x00000000e0861548) thrown at [D:\src\AOSP-openjdk-cygwin\jdk8u\hotspot\src\share\vm\classfile\systemDictionary.cpp, line 210]
Event: 60.121 Thread 0x000000001814e800 Exception <a 'java/lang/ClassNotFoundException': org/gradle/BuildResultCustomizer> (0x00000000e0870360) thrown at [D:\src\AOSP-openjdk-cygwin\jdk8u\hotspot\src\share\vm\classfile\systemDictionary.cpp, line 210]

Events (10 events):
Event: 62.553 Thread 0x000000001de55800 Thread added: 0x000000001de55800
Event: 62.553 Thread 0x000000001de5d000 Thread added: 0x000000001de5d000
Event: 62.553 Thread 0x000000001de5f800 Thread added: 0x000000001de5f800
Event: 62.580 Thread 0x000000001de60000 Thread added: 0x000000001de60000
Event: 62.692 Thread 0x000000001814e800 DEOPT PACKING pc=0x00000000030feea4 sp=0x000000001ab1a2a0
Event: 62.693 Thread 0x000000001814e800 DEOPT UNPACKING pc=0x0000000002e375d0 sp=0x000000001ab1a158 mode 0
Event: 62.699 Executing VM operation: RevokeBias
Event: 62.701 Executing VM operation: RevokeBias done
Event: 62.701 Executing VM operation: RevokeBias
Event: 62.701 Executing VM operation: RevokeBias done


Dynamic libraries:
0x00007ff6b5360000 - 0x00007ff6b5391000 	C:\Program Files\Android\Android Studio\jre\bin\java.exe
0x00007ffb6fe40000 - 0x00007ffb70021000 	C:\WINDOWS\SYSTEM32\ntdll.dll
0x00007ffb31ba0000 - 0x00007ffb31bb2000 	C:\Program Files\AVAST Software\Avast\aswhook.dll
0x00007ffb6fd50000 - 0x00007ffb6fe02000 	C:\WINDOWS\System32\KERNEL32.DLL
0x00007ffb6ccc0000 - 0x00007ffb6cf33000 	C:\WINDOWS\System32\KERNELBASE.dll
0x00007ffb6da50000 - 0x00007ffb6daf1000 	C:\WINDOWS\System32\ADVAPI32.dll
0x00007ffb6e540000 - 0x00007ffb6e5de000 	C:\WINDOWS\System32\msvcrt.dll
0x00007ffb6d9f0000 - 0x00007ffb6da4b000 	C:\WINDOWS\System32\sechost.dll
0x00007ffb6e740000 - 0x00007ffb6e864000 	C:\WINDOWS\System32\RPCRT4.dll
0x00007ffb6de00000 - 0x00007ffb6df90000 	C:\WINDOWS\System32\USER32.dll
0x00007ffb6d1b0000 - 0x00007ffb6d1d0000 	C:\WINDOWS\System32\win32u.dll
0x00007ffb6fd20000 - 0x00007ffb6fd48000 	C:\WINDOWS\System32\GDI32.dll
0x00007ffb6c3b0000 - 0x00007ffb6c542000 	C:\WINDOWS\System32\gdi32full.dll
0x00007ffb6c210000 - 0x00007ffb6c2af000 	C:\WINDOWS\System32\msvcp_win.dll
0x00007ffb6c2b0000 - 0x00007ffb6c3aa000 	C:\WINDOWS\System32\ucrtbase.dll
0x00007ffb5c590000 - 0x00007ffb5c7f9000 	C:\WINDOWS\WinSxS\amd64_microsoft.windows.common-controls_6595b64144ccf1df_6.0.17134.590_none_fb3d9bff3069e088\COMCTL32.dll
0x00007ffb6df90000 - 0x00007ffb6e2b2000 	C:\WINDOWS\System32\combase.dll
0x00007ffb6cf40000 - 0x00007ffb6cfba000 	C:\WINDOWS\System32\bcryptPrimitives.dll
0x00007ffb6db00000 - 0x00007ffb6db2d000 	C:\WINDOWS\System32\IMM32.DLL
0x0000000072d40000 - 0x0000000072e12000 	C:\Program Files\Android\Android Studio\jre\jre\bin\msvcr100.dll
0x0000000075140000 - 0x0000000075981000 	C:\Program Files\Android\Android Studio\jre\jre\bin\server\jvm.dll
0x00007ffb6d840000 - 0x00007ffb6d848000 	C:\WINDOWS\System32\PSAPI.DLL
0x00007ffb53d80000 - 0x00007ffb53d89000 	C:\WINDOWS\SYSTEM32\WSOCK32.dll
0x00007ffb6fcb0000 - 0x00007ffb6fd1c000 	C:\WINDOWS\System32\WS2_32.dll
0x00007ffb69b50000 - 0x00007ffb69b73000 	C:\WINDOWS\SYSTEM32\WINMM.dll
0x00007ffb661d0000 - 0x00007ffb661da000 	C:\WINDOWS\SYSTEM32\VERSION.dll
0x00007ffb69ad0000 - 0x00007ffb69afa000 	C:\WINDOWS\SYSTEM32\WINMMBASE.dll
0x00007ffb6d280000 - 0x00007ffb6d2c9000 	C:\WINDOWS\System32\cfgmgr32.dll
0x00007ffb685b0000 - 0x00007ffb685bf000 	C:\Program Files\Android\Android Studio\jre\jre\bin\verify.dll
0x00007ffb57fa0000 - 0x00007ffb57fc9000 	C:\Program Files\Android\Android Studio\jre\jre\bin\java.dll
0x00007ffb659e0000 - 0x00007ffb659f6000 	C:\Program Files\Android\Android Studio\jre\jre\bin\zip.dll
0x00007ffb6e870000 - 0x00007ffb6fcb0000 	C:\WINDOWS\System32\SHELL32.dll
0x00007ffb6d790000 - 0x00007ffb6d839000 	C:\WINDOWS\System32\shcore.dll
0x00007ffb6c5b0000 - 0x00007ffb6ccbd000 	C:\WINDOWS\System32\windows.storage.dll
0x00007ffb6e6e0000 - 0x00007ffb6e731000 	C:\WINDOWS\System32\shlwapi.dll
0x00007ffb6c150000 - 0x00007ffb6c161000 	C:\WINDOWS\System32\kernel.appcore.dll
0x00007ffb6c1a0000 - 0x00007ffb6c1bf000 	C:\WINDOWS\System32\profapi.dll
0x00007ffb6c1c0000 - 0x00007ffb6c20c000 	C:\WINDOWS\System32\powrprof.dll
0x00007ffb6c190000 - 0x00007ffb6c19a000 	C:\WINDOWS\System32\FLTLIB.DLL
0x00007ffb584a0000 - 0x00007ffb584ba000 	C:\Program Files\Android\Android Studio\jre\jre\bin\net.dll
0x00007ffb6b9d0000 - 0x00007ffb6ba36000 	C:\WINDOWS\system32\mswsock.dll
0x00007ffb50f00000 - 0x00007ffb50f11000 	C:\Program Files\Android\Android Studio\jre\jre\bin\nio.dll
0x00007ffb68570000 - 0x00007ffb6858e000 	C:\Users\Lukep\.gradle\native\25\windows-amd64\native-platform.dll
0x00007ffb67600000 - 0x00007ffb6760d000 	C:\Program Files\Android\Android Studio\jre\jre\bin\management.dll
0x00007ffb6bb80000 - 0x00007ffb6bb97000 	C:\WINDOWS\SYSTEM32\CRYPTSP.dll
0x00007ffb6b5b0000 - 0x00007ffb6b5e3000 	C:\WINDOWS\system32\rsaenh.dll
0x00007ffb6bcb0000 - 0x00007ffb6bcd5000 	C:\WINDOWS\SYSTEM32\bcrypt.dll
0x00007ffb6c050000 - 0x00007ffb6c078000 	C:\WINDOWS\SYSTEM32\USERENV.dll
0x00007ffb6bba0000 - 0x00007ffb6bbab000 	C:\WINDOWS\SYSTEM32\CRYPTBASE.dll
0x00007ffb6b750000 - 0x00007ffb6b788000 	C:\WINDOWS\SYSTEM32\IPHLPAPI.DLL
0x00007ffb6d720000 - 0x00007ffb6d728000 	C:\WINDOWS\System32\NSI.dll
0x00007ffb63400000 - 0x00007ffb63416000 	C:\WINDOWS\SYSTEM32\dhcpcsvc6.DLL
0x00007ffb635e0000 - 0x00007ffb635fa000 	C:\WINDOWS\SYSTEM32\dhcpcsvc.DLL

VM Arguments:
jvm_args: -Xmx1536M -Dfile.encoding=windows-1252 -Duser.country=US -Duser.language=en -Duser.variant 
java_command: org.gradle.launcher.daemon.bootstrap.GradleDaemon 4.10.2
java_class_path (initial): C:\Users\Lukep\.gradle\wrapper\dists\gradle-4.10.2-all\9fahxiiecdb76a5g3aw9oi8rv\gradle-4.10.2\lib\gradle-launcher-4.10.2.jar
Launcher Type: SUN_STANDARD

Environment Variables:
JAVA_HOME=C:\Program Files\Android\Android Studio\jre
CLASSPATH=C:\Users\Lukep\Desktop\KA\KitchenAssist\android\\gradle\wrapper\gradle-wrapper.jar
PATH=C:\Program Files (x86)\Intel\Intel(R) Management Engine Components\iCLS\;C:\Program Files\Intel\Intel(R) Management Engine Components\iCLS\;C:\Windows\system32;C:\Windows;C:\Windows\System32\Wbem;C:\Windows\System32\WindowsPowerShell\v1.0\;C:\Program Files (x86)\Intel\Intel(R) Management Engine Components\DAL;C:\Program Files\Intel\Intel(R) Management Engine Components\DAL;C:\Program Files (x86)\Intel\Intel(R) Management Engine Components\IPT;C:\Program Files\Intel\Intel(R) Management Engine Components\IPT;C:\Program Files (x86)\NVIDIA Corporation\PhysX\Common;C:\Program Files\Intel\WiFi\bin\;C:\Program Files\Common Files\Intel\WirelessCommon\;C:\WINDOWS\system32;C:\WINDOWS;C:\WINDOWS\System32\Wbem;C:\WINDOWS\System32\WindowsPowerShell\v1.0\;C:\WINDOWS\System32\OpenSSH\;C:\MinGW\bin;C:\Program Files\dotnet\;C:\Program Files\Git\cmd;C:\Users\Lukep\AppData\Local\Microsoft\WindowsApps
USERNAME=Lukep
OS=Windows_NT
PROCESSOR_IDENTIFIER=Intel64 Family 6 Model 158 Stepping 9, GenuineIntel



---------------  S Y S T E M  ---------------

OS: Windows 10.0 , 64 bit Build 17134 (10.0.17134.556)

CPU:total 4 (initial active 4) (4 cores per cpu, 1 threads per core) family 6 model 158 stepping 9, cmov, cx8, fxsr, mmx, sse, sse2, sse3, ssse3, sse4.1, sse4.2, popcnt, avx, avx2, aes, clmul, erms, 3dnowpref, lzcnt, tsc, tscinvbit, bmi1, bmi2, adx

Memory: 4k page, physical 16640468k(3646148k free), swap 16640468k(4120k free)

vm_info: OpenJDK 64-Bit Server VM (25.152-b01) for windows-amd64 JRE (1.8.0_152-release-1248-b01), built by "builder" with MS VC++ 10.0 (VS2010)

time: Sun Mar 10 08:34:59 2019
elapsed time: 62 seconds (0d 0h 1m 2s)

